<?xml version="1.0" encoding="utf-8"?><testsuites name="pytest tests"><testsuite name="pytest" errors="0" failures="0" skipped="0" tests="8" time="33.406" timestamp="2026-05-15T11:14:06.546004+00:00" hostname="781437d1316e"><testcase classname="tests.test_daily" name="test_get_bosses_returns_seven" time="4.597" /><testcase classname="tests.test_daily" name="test_no_session_before_selection" time="0.011" /><testcase classname="tests.test_daily" name="test_select_boss_creates_session" time="0.015" /><testcase classname="tests.test_daily" name="test_cannot_select_boss_twice" time="0.020" /><testcase classname="tests.test_todo" name="test_create_todo" time="0.023" /><testcase classname="tests.test_todo" name="test_tick_todo_deals_damage" time="0.024" /><testcase classname="tests.test_todo" name="test_cannot_tick_twice" time="0.023" /><testcase classname="tests.test_todo" name="test_boss_clears_when_all_done" time="0.024" /></testsuite></testsuites>